[    0.000000] Initializing cgroup subsys cpuset
[    0.000000] Initializing cgroup subsys cpu
[    0.000000] Initializing cgroup subsys cpuacct
[    0.000000] Linux version 4.4.0-145-generic (buildd@lcy01-amd64-027) (gcc version 5.4.0 20160609 (Ubuntu 5.4.0-6ubuntu1~16.04.10) ) #171-Ubuntu SMP Tue Mar 26 12:43:40 UTC 2019 (Ubuntu 4.4.0-145.171-generic 4.4.176)
[    0.000000] Command line: BOOT_IMAGE=/boot/vmlinuz-4.4.0-145-generic oot=UI8b79d4d-a948-4330-a241-f9e545e8f250 ro console=tty1 console=ttyS0
[    0.000000] KERNEL supported cpus
[   .00000  te GenuineIntel
[    0.000000]   MDutenticAD   0.000000]   CenurCentrHls
[  00000] x86/ffpu: xstate_offset[2]:  576, xstate_sizes[2]:  256
[    0.000000] x86/fpu: Supporting XSAVE feature 0x01: 'x87 floating point registers'
[    0.000000] x86/fpu: Supporting XSAVE feature 0x02: 'SSE registers'
[    0.000000] x86/fpu: Supporting XSAVE feature 0x04: 'AVX registers'
[    0.000000] x86/fpu: Enabled xstate features 0x7, context size is 832 bytes, using 'standard' format.
[    0.000000] e820: BIOS-provided phyicl RAM map:
[    0.000000] BIOS-e820: [mem 0x0000000000000000-0x000000000009fbff] usable
[    0.000000] BIOS-e820: [mem 0x000000000009fc00-0x000000000009ffff] reserved
[    0.000000] BIOS-e820: [mem 0x00000000000f0000-0x00000000000fffff] reserved
[    0.000000] BIOS-e820: [mem 0x0000000000100000-0x00000000dffeffff] usable
[    0.000000] BIOS-e820: [mem 0x00000000dfff0000-0x00000000dfffffff] ACPI data
[    0.000000] BIOS-e820: [mem 0x00000000fec00000-0x00000000fec00fff] reserved
[    0.000000] BIOS-e820: [mem 0x00000000fee00000-0x00000000fe00fff] reseve
[    0.000000] BIOS-e820: [mem 0x00000000fffc000-0x00000000ffffffff] reserved
[    0.000000] BIOS-e820: [mem 0x000000000000-0x000000011fffffff] usable
[    0.000000] NX (Execute Disableprectio aiv
[    0.0000]MBIOS 2.5 present.
[    0.000 Hpervisor teed: KV
[    0.000000] e820: last_pfn = 0x120000 max_arch_pfn = 0x400000000
[    0.000000] MTRR: Disabled
[    0.000000] x86/PAT: MTRRs disabled, skipping PAT initialization too.
[    0.000000] CPU MRR allla -virtlid ystem.
[    0.000000] x86/PAT: Configuration [0-7]: WB  WT  UC- UC  WB  WT  UC- UC  
[  000000] e820: last_pfn = 0xdfff0 max_arch_pfn = 0x400000000
[    0.000000] found SMP MP-table at [mem 0x0009fff0-000ff] mappeatffff88000009fff0]
[    0.000000]Scnig 1 are f low memory corruption
[    0.000000] RAMDISK: [mem 0x361ea000-0x0eff
[    0000 ACP: rl tab checksum verification disabled
[    0.000000] ACPI: RSDP 0x00000000000E0000 000024 (v02 VBOX  )
[    0.000000] ACPI: XSDT 0x00000000DFFF0030 00003C (v01 VBOX   VBOXXSDT 00000001 ASL  00000061)
[    0.000000] ACPI: FACP 0x00000000DFFF00F0 0000F4 (v04 VBOX   VBOXFACP 00000001 ASL  00000061)
[    0.000000] ACPI: DSDT 0x00000000DFFF0470 0021FF (v02 VBOX   VBOXBIOS 00000002 INTL 20100528)
[    0.000000] ACPI: FACS 0x00000000DFFF0200 000040
[    0.000000] ACPI: FACS 0x00000000DFFF0200 000040
[    0.000000] ACPI: APIC 0x00000000DFFF0240 00005C (v02 VBOX   VBOXAPIC 00000001 ASL  00000061)
[    0.000000] ACPI: SSDT 0x00000000DFFF02A0 0001CC (v01 VBOX   VBOXCPUT 00000002 INTL 20100528)
[    0.000000] No NUMA configuration found
[    0.000000] Faking a node at [mem 0x0000000000000000-0x000000011fffffff]
[    0.000000] NODE_DATA(0) allocated [mem 0x11fff7000-0x11fffbfff]
[    0.000000] kvm-clock: Using msrs 4b564d01 and 4b564d00
[    0.00000] kvm-clock: cpu 0, msr 1:1ffef001, primarycp clock
[    0.000000] kvvm-clock: using sched offset of 3844406147 cycles
[    0.000000] closource: kvm-clock: mask: 0xffffffffffffffff max_cycles: 0x1cd42e4dffb, max_idle_ns: 881590591483 ns
[    0.000000] Zone ranges:
[    0.000000]   DMA      [mem 0x0000000000001000-0x0000000000ffffff]
[    0.000000]   DMA32    [mem 0x0000000001000000-0x00000000ffffffff]
[    0.000000]   Normal   [mem 0x0000000100000000-0x000000011fffffff]
[    0.000000]   Device   empty
[    0.000000] Movable zone start for each node
[    0.000000] Early memory node ranges
[    0.000000]   node   0: [mem 0x0000000000001000-0x000000000009efff]
[    0.000000]   node   0: [mem 0x0000000000100000-0x00000000dffeffff]
[    0.000000]   node   0: [mem 0x0000000100000000-0x000000011fffffff]
[    0.000000] Initmem setup ode 0 [mem 0x0000000000001000-0x000000011fffffff]
[    0.000000] ACPI: PM-Timer IO Port: 0x4008
[    0.000000] IOAPIC[0]: apic_id 2, vsion2, address 0ec00000, GSI 0-23
[    0.000000] ACPI: INT_SRC_OVR (bus 0 bus_irq 0 global_irq 2 dfl dfl)
[    0.000000] ACPI: INT_SRC_OVR (bus 0 bus_irq 9 global_irq 9 low level)
[    0.000000] Using ACPI (MADT) for SMP configuration information
[    0.000000] smpboot: Allowing 2 CPUs, 0 hotplug CPUs
[    0.000000] PM: Registered nosave memory: [mem 0x00000000-0x00000fff]
[    0.000000] PM: Registered nosave memory: [mem 0x0009f000-0x0009ffff]
[    0.000000] PM: Registered nosave memory: [mem 0x000a0000-0x000effff]
[    0.000000] PM: Registered nosave memory: [mem 0x000f0000-0x000fffff]
[    0.000000] PM: Registered nosave memory: [mem 0xdfff0000-0xdfffffff]
[    0.000000] PM: Registered nosave memory: [mem 0xe0000000-0xfebfffff]
[    0.000000] PM: Registered nosave memory: [mem 0xfec00000-0xfec00fff]
[    0.000000] PM: Registered nosave memory: [mem 0xfec01000-0xfedfffff]
[    0.000000] PM: Registered nosave memory: [mem 0xfee00000-0xfee00fff]
[    0.000000] PM: Registered nosave memory: [mem 0xfee01000-0xfffbffff]
[    0.000000] P Rister nav memy:[mem 0xfffc0000-0xffffffff]
[    0.000000] e820 [me0x00000-0febfffff] available for PCI devices
[  0000000] oongparavirtualized kernel on KVM
[    0.000000] clocksource: refined-jiffies:ma: ffffffff max_cycles: 0xffffffff, max_idle_ns: 7645519600211568 ns
[    0.000000] setup_percpu: NR_CPUS:512 nr_umask_bits:512 _cpu_i:2r_ode_ids:1
[    0.000000] PERCPU: Embedded 34 pages/cpu @ffff88011fc00000 s99480 r8192 d31592 u1048576
[    0.000000] Built 1 zonelists in Node order, mily grouping on.  Total pages: 1032056
[    0.000000] Policy zone: Normal
[  000000] Kernel command line: BOOT_IMAGE=/boot/vmlinuz-4.4.0-145-generic root=UUID=8bd79d4d-a948-4330-a241-f9e545e8f250 ro console=tty1 console=ttyS0
[    0.000000] PID hash table entries: 4096 (order: 3, 32768 bytes)
[    0.000000] Memory: 4027700K/4193848K available (8608K kernel code, 1333K rwdata, 4008K rodata, 1484K init, 1284K bss, 166148K reserved, 0K cma-reserved)
[    0.000000] SLUB: HWalign=64, Order=0-3, MinObjects=0, CPUs=2, Nodes=1
[    0.000000] Kernel/User page tables isolation: enabled
[    0.000000] Hierarchical RCU implementation.
[    0.000000] 	Build-time adjustment of leaf fanout to 64.
[    0.000000] 	RCU restricting CPUs from NR_CPUS=512 to nr_cpu_ids=2.
[    0.000000] RCU: Adjusting geometry for rcu_fanout_leaf=64, nr_cpu_ids=2
[    0.000000] NR_IRQS:33024 nr_irqs:440 16
[    0.000000] Console: colour VGA+ 80x25
[    0.000000] console [tty1] enabled
[    0.000000] console [ttyS0] enabled
[    0.000000] tsc: Detected 2304.000 MHz procesor
[    2.661626] Calibrating delay loop (skipped) preset value.. 4608.00 BogoMIPS (lpj=9216000)
[    2.679320] pid_max: default: 32768 minimum: 301
[    2.703236] ACPI: Core revision 20150930
[    2.713222] ACPI: 2 ACPI AML tables successfully acquired and loaded
[    2.720809] Security Framework initialized
[    2.731457] Yama: becoming mindful.
[    2.732623] AppArmor: AppArmor initialized
[    2.755138] Dentry cache hash table entries: 524288 (order: 10, 4194304 bytes)
[    2.766423] Inode-cache hash table entries: 262144 (order: 9, 2097152 bytes)
[    2.768800] Mount-cache hash table entries: 8192 (order: 4, 65536 bytes)
[    2.791604] Mountpoint-cache hash table entries: 8192 (order: 4, 65536 bytes)
[    2.797683] Initializing cgroup subsys io
[    2.804273] Initializing cgroup subsys memory
[    2.811574] Initializing cgroup subsys devices
[    2.831102] Initializing cgroup subsys freezer
[    2.832515] Initializing cgroup subsys net_cls
[    2.842308] Initializing cgroup subsys perf_event
[    2.846414] Initializing cgroup subsys net_prio
[    2.847853] Initializing cgroup subsys hugetlb
[    2.849081] Initializing cgroup subsys pids
[    2.851462] mce: CPU supports 0 MCE banks
[    2.857499] Last level iTLB entries: 4KB 64, 2MB 8, 4MB 8
[    2.859167] Last level dTLB entries: 4KB 64, 2MB 0, 4MB 0, 1GB 4
[    2.860992] Spectre V2 : Mitigation: Full generic retpoline
[    2.862745] Spectre V2 : Spectre v2 / SpectreRSB mitigation: Filling RSB on context switch
[    2.865423] Speculative Store Bypass: Vulnerable
[    2.869761] Freeing SMP alternatives memory: 36K
[    2.878002] ftrace: allocating 32283 entries in 127 pages
[    2.950249] smpboot: APIC(0) Converting physical 0 to logical package 0
[    2.963578] smpboot: Max logical packages: 1
[    2.965164] x2apic enabled
[    2.971866] Switched APIC routing to physical x2apic.
[    2.974391] ..TIMER: vector=0x30 apic1=0 pin1=2 apic2=-1 pin2=-1
[    3.105555] smpboot: CPU0: Intel(R) Core(TM) i5-7360U CPU @ 2.30GHz (family: 0x6, model: 0x8e, stepping: 0x9)
[    3.130032] Performance Events: unsupported p6 CPU model 142 no PMU driver, software events only.
[    3.164569] KVM setup paravirtual spinlock
[    3.183530] x86: Booting SMP configuration:
[    3.190711] .... node  #0, CPUs:      #1
[    3.192173] kvm-clock: cpu 1, msr 1:1ffef041, secondary cpu clock
[    3.194471] mce: CPU supports 0 MCE banks
[    3.197293] x86: Booted up 1 node, 2 CPUs
[    3.198481] smpboot: Total of 2 processors activated (9216.00 BogoMIPS)
[    3.206475] devtmpfs: initialized
[    3.221663] evm: security.selinux
[    3.239467] evm: security.SMACK64
[    3.263910] evm: security.SMACK64EXEC
[    3.286150] evm: security.SMACK64TRANSMUTE
[    3.304261] evm: security.SMACK64MMAP
[    3.317558] evm: security.ima
[    3.323050] evm: security.capability
[    3.324423] clocksource: jiffies: mask: 0xffffffff max_cycles: 0xffffffff, max_idle_ns: 7645041785100000 ns
[    3.344166] futex hash table entries: 512 (order: 3, 32768 bytes)
[    3.352116] pinctrl core: initialized pinctrl subsystem
[    3.364781] RTC time: 13:53:49, date: 04/03/19
[    3.367729] NET: Registered protocol family 16
[    3.377678] cpuidle: using governor ladder
[    3.426806] cpuidle: using governor menu
[    3.437160] PCCT header not found.
[    3.442494] ACPI: bus type PCI registered
[    3.467131] acpiphp: ACPI Hot Plug PCI Controller Driver version: 0.5
[    3.469185] PCI: Using configuration type 1 for base access
[    3.507430] ACPI: Added _OSI(Module Device)
[    3.520441] ACPI: Added _OSI(Processor Device)
[    3.532909] ACPI: Added _OSI(3.0 _SCP Extensions)
[    3.544432] ACPI: Added _OSI(Processor Aggregator Device)
[    3.568952] ACPI: Executed 1 blocks of module-level executable AML code
[    3.577395] ACPI: Interpreter enabled
[    3.603623] ACPI: (supports S0 S5)
[    3.604749] ACPI: Using IOAPIC for interrupt routing
[    3.612202] PCI: Using host bridge windows from ACPI; if necessary, use "pci=nocrs" and report a bug
[    3.667764] ACPI: PCI Root Bridge [PCI0] (domain 0000 [bus 00-ff])
[    3.680682] acpi PNP0A03:00: _OSC: OS supports [ASPM ClockPM Segments MSI]
[    3.692248] acpi PNP0A03:00: _OSC: not requesting OS control; OS requires [ExtendedConfig ASPM ClockPM MSI]
[    3.703540] acpi PNP0A03:00: fail to add MMCONFIG information, can't access extended PCI configuration space under this bridge.
[    3.723224] PCI host bridge to bus 0000:00
[    3.732675] pci_bus 0000:00: root bus resource [io  0x0000-0x0cf7 window]
[    3.743842] pci_bus 0000:00: root bus resource [io  0x0d00-0xffff window]
[    3.754719] pci_bus 0000:00: root bus resource [mem 0x000a0000-0x000bffff window]
[    3.780516] pci_bus 0000:00: root bus resource [mem 0xe0000000-0xfdffffff window]
[    3.799718] pci_bus 0000:00: root bus resource [bus 00-ff]
[    3.844699] pci 0000:00:01.1: legacy IDE quirk: reg 0x10: [io  0x01f0-0x01f7]
[    3.876576] pci 0000:00:01.1: legacy IDE quirk: reg 0x14: [io  0x03f6]
[    3.888141] pci 0000:00:01.1: legacy IDE quirk: reg 0x18: [io  0x0170-0x0177]
[    3.890318] pci 0000:00:01.1: legacy IDE quirk: reg 0x1c: [io  0x0376]
[    3.930671] pci 0000:00:07.0: quirk: [io  0x4000-0x403f] claimed by PIIX4 ACPI
[    3.944129] pci 0000:00:07.0: quirk: [io  0x4100-0x410f] claimed by PIIX4 SMB
[    3.989416] ACPI: PCI Interrupt Link [LNKA] (IRQs 5 9 10 *11)
[    3.993905] ACPI: PCI Interrupt Link [LNKB] (IRQs 5 9 *10 11)
[    4.001169] ACPI: PCI Interrupt Link [LNKC] (IRQs 5 *9 10 11)
[    4.012349] ACPI: PCI Interrupt Link [LNKD] (IRQs 5 9 10 *11)
[    4.018473] ACPI: Enabled 2 GPEs in block 00 to 07
[    4.021577] vgaarb: setting as boot device: PCI:0000:00:02.0
[    4.024784] vgaarb: device added: PCI:0000:00:02.0,decodes=io+mem,owns=io+mem,locks=none
[    4.033627] vgaarb: loaded
[    4.035099] vgaarb: bridge control possible 0000:00:02.0
[    4.038487] SCSI subsystem initialized
[    4.062442] ACPI: bus type USB registered
[    4.074879] usbcore: registered new interface driver usbfs
[    4.087726] usbcore: registered new interface driver hub
[    4.089386] usbcore: registered new device driver usb
[    4.108595] PCI: Using ACPI for IRQ routing
[    4.134008] NetLabel: Initializing
[    4.140563] NetLabel:  domain hash size = 128
[    4.143103] NetLabel:  protocols = UNLABELED CIPSOv4
[    4.144658] NetLabel:  unlabeled traffic allowed by default
[    4.169733] amd_nb: Cannot enumerate AMD northbridges
[    4.189989] clocksource: Switched to clocksource kvm-clock
[    4082]ppmor: AArorilysm abd  4.6845] pnp: PnP ACPI init
[    4.815013] pnp: PnP ACPI: found 3 devices

[  428654] clocksource: acpi_pm: mask: 0xffff x_cl: 0xffffff, max_idle_ns: 2085701024 ns
[    5.089559] NET: Registered protocol family 2
[    5.092109] TCP established hash table entries: 32768 (order: 6, 262144 bytes)
[    5.097673] TCP bind hash table entries: 32768 (order: 7, 524288 bytes)
[    5.103121] TCP: Hash tables configed (estaisd 76bi 368
[  5894]DPastalentes2048 (order: 4, 65536 bytes)
[    5.895605] UDP-Lite hash table entries: 2048 (order: 4, 65536 bytes)
[  5976]ET Registed protocol family 1
[  6.146888] pci 0000:00:00.0: Limiting direct PCI/PCI transfers
[    6.191593] pci 0000:00:01.0: Activating ISA DMA hang workarounds
[    6.194033] Unpacking initramfs...

[    6.425014] Freeing initrd memory: 15372K
[    6.455651] PCI-DMA: Using software bounce buffering for IO (SWIOTLB)
[    6.457406] software IO TLB: mapped [mem 0xdbff0000-0xdfff0000] (64MB)
[    6.563612] platform rtc_cmos: registered platform RTC device (no PNP device found)
[    6.640866] Scanning for low memory corruption every 60 seconds
[    6.647151] audit: initializing netlink subsys (disabled)
[    6.675511] audit: type=2000 audit(1554299634.891:1): initialized
[    6.774967] Initialise system trusted keyring
[    6.812336] HugeTLB registered 2 MB page size, pre-allocated 0 pages
[    6.892712] zbud: loaded
[    6.894222] VFS: Disk quotas dquot_6.6.0
[    6.908079] VFS: Dquot-cache hash table entries: 512 (order 0, 4096 bytes)
[    6.910320] squashfs: version 0 00011)hillip Lgh
[    7.237897] fuse init (API version 7.23)
[    7.249118] Key type big_key registered
[    7.250398] Allocating IMA MOK and blacklist keyrings.
[    7.254078] Key type asymmetric registered
[    7.260690] Asymmetric key parser 'x509' registered
[    7.262251] Block layer SCSI generic (bsg) driver version 0.4 loaded (major 249)
[    7.274070] io scheduler noop registered
[    7.275355] io scheduler deadline registered (default)
[    7.277092] io scheduler cfq registered
[    7.278522] pci_hotplug: PCI Hot Plug PCI Core version: 0.5
[    7.280039] pciehp: PCI Express Hot Plug Controller Driver version: 0.4
[    7.282453] ACPI: AC Adapter [AC] (on-line)
[    7.283715] input: Power Button as /devices/LNXSYSTM:00/LNXPWRBN:00/input/input0
[    7.286114] ACPI: Power Button [PWRF]
[    7.287258] input: Sleep Button as /devices/LNXSYSTM:00/LNXSLPBN:00/input/input1
[    7.289137] ACPI: Sleep Button [SLPF]
[    7.290482] GHES: HEST is not enabled!
[    7.291845] ACPI: Battery Slot [BAT0] (battery present)
[    7.291877] Serial: 8250/16550 driver, 32 ports, IRQ sharing enabled
[    7.317868] 00:02: ttyS0 at I/O 0x3f8 (irq = 4, base_baud = 115200) is a 16550A
[    7.323535] Linux agpgart interface v0.103
[    7.337906] loop: module loaded
[    7.341264] scsi host0: ata_piix
[    7.343239] scsi host1: ata_piix
[    7.352141] ata1: PATA max UDMA/33 cmd 0x1f0 ctl 0x3f6 bmdma 0xd000 irq 14
[    7.355518] ata2: PATA max UDMA/33 cmd 0x170 ctl 0x376 bmdma 0xd008 irq 15
[    7.358666] libphy: Fixed MDIO Bus: probed
[    7.36687] tun: Unirs T/TAP device driver, 1.6
[    7.528291] tun: (C) 1999-2004 Max Krasnyansky <maxk@qualcomm.com>
[    7.530197] PPP generic driver version 2.4.2
[    7.531635] ehci_hcd: USB 2.0 'Enhanced' Host Controller (EHCI) Driver
[    7.533580] ehci-pci: EHCI PCI platform driver
[    7.53507] ei-atrm: EHCI generic platordrer
[  7634]scRefined TSC clocksource caibtin: 2302.036 MHz
[    7.5636]losocets mask: 0xffffffffffffffff max_cycles: 0x212eb8b49e0, max_idle_ns: 440795312328 ns

[    8.409832] ohci_hcd: USB 1.1 'Open' Host Controller (OHCI) Driver
[    8.411761] ohci-pci: OHCI PCI platform driver
[    8.413252] ohci-platform: OHCI generic platform driver
[    8.415442] uhci_hcd: USB Universal Host Controller Interface driver
[    8.417541] i8042: PNP: PS/2 Controller [PNP0303:PS2K,PNP0f03:PS2M] at 0x60,0x64 irq 1,12
[    8.422056] serio: i8042 KBD port at 0x60,0x64 irq 1
[    8.424452] serio: i8042 UX port at 0x60,0x64 irq 12

[    8.474729] mousedev: PS/2 mouse device commofo all mice
[    8.568688] input: AT Translated Set 2 keyboard as /devices/platform/i8042/serio0/input/input2
[    8.577356] rtc_cmos rtc_cmos: rtc core: registered rtc_cmos as rtc0
[    8.591680] rtc_cmos rtc_cmos: alarms up to one day, 114 bytes nvram
[    8.649617] i2c /dev entries driver
[    8.657429] device-mapper: uevent: version 1.0.3
[  83633deceapr:iotl: 4..0ioctl (2015-10-28) initialised: dm-devel@redhat.com
[    9.148105] ledtrig-cpu: registered to indicate activity on CPUs
[    9.150603] NET: Registered protocol family 10
[    9.178127] NET: Registered protocol family 17
[    9.185150] Key type dns_resolver registered
[    9.193466] registered taskstats version 1
[    9.200516] Loading compiled-in X.509 certificates
[    9.202537] Loaded X.509 cert 'Build time autogenerated kernel key: 766cb56454e39ea623681e1efb4bf4db48a2396c'
[    9.205571] zswap: loaded using pool lzo/zbud
[    9.209198] Key type trusted registered
[    9.225189] Key type encrypted registered
[    9.232321] AppArmor: AppArmor sha1 policy hashing enabled
[    9.234001] ima: No TPM chip found, activating TPM-bypass!
[    9.245697] ima: Allocated hash algorithm: sha1
[    9.252825] evm: HMAC attrs: 0x1
[    9.255733]   Magic number: 15:927:886
[    9.268555] rtc_cmos rtc_cmos: setting system clock to 2019-04-03 13:53:55 UTC (1554299635)
[    9.277005] BIOS EDD facility v0.16 2004-Jun-25, 0 devices found
[    9.284272] EDD information not available.
[    9.297805] Freeing unused kernel memory: 1484K
[    9.318505] Write protecting the kernel read-only data: 14336k
[    9.325330] Freeing unused kernel memory: 1620K
[    9.333230] Freeing unused kernel memory: 88K
Loading, please [    9.346939] random: systemd-udevd: uninitialized urandom read (16 bytes read, 5 bits of entropy available)
wait...
starting version 229
[    9.347363] random: udevadm: uninitialized urandom read (16 bytes read, 5 bits of entropy available)
[    9.347381] random: udevadm: uninitialized urandom read (16 bytes read, 5 bits of entropy available)
[    9.353131] random: udevadm: uninitialized urandom read (16 bytes read, 5 bits of entropy available)
[    9.353163] random: udevadm: uninitialized urandom read (16 bytes read, 5 bits of entropy available)
[    9.353261] random: udevadm: uninitialized urandom read (16 bytes read, 5 bits of entropy available)
[    9.353307] random: udevadm: uninitialized urandom read (16 bytes read, 5 bits of entropy available)
[    9.353342] random: udevadm: uninitialized urandom read (16 bytes read, 5 bits of entropy available)
[    9.353380] random: udevadm: uninitialized urandom read (16 bytes read, 5 bits of entropy available)
[    9.353419] random: udevadm: uninitialized urandom read (16 bytes read, 5 bits of entropy available)
[    9.505842] e1000: Intel(R) PRO/1000 Network Driver - version 7.3.21-k8-NAPI
[    9.508078] e1000: Copyright (c) 1999-2006 Intel Corporation.
[    9.544574] Fusion MPT base driver 3.04.20
[    9.548386] Copyright (c) 1999-2008 LSI Corporation
[    9.592709] AVX2 version of gcm_enc/dec engaged.
[    9.594240] AES CTR mode by8 optimization enabled
[    9.600603] Fusion MPT SPI Host driver 3.04.20
[    9.798714] input: ImExPS/2 Generic Explorer Mouse as /devices/platform/i8042/serio1/input/input4
[    9.950094] e1000 0000:00:03.0 eth0: (PCI:33MHz:32-bit) 02:fd:84:93:1d:93
[    9.954915] e1000 0000:00:03.0 eth0: Intel(R) PRO/1000 Network Connection
[   10.046830] mptbase: ioc0: Initiating bringup
[   10.174948] ioc0: LSI53C1030 A0: Capabilities={Initiator}
[   10.449721] scsi host2: ioc0: LSI53C1030 A0, FwRev=00000000h, Ports=1, MaxQ=256, IRQ=20
[   10.563159] scsi 2:0:0:0: Direct-Access     VBOX     HARDDISK         1.0  PQ: 0 ANSI: 5
[   10.627959] scsi target2:0:0: Beginning Domain Validation
[   10.631555] scsi target2:0:0: Domain Validation skipping write tests
[   10.633489] scsi target2:0:0: Ending Domain Validation
[   10.635375] scsi target2:0:0: asynchronous
[   10.638089] scsi 2:0:1:0: Direct-Access     VBOX     HARDDISK         1.0  PQ: 0 ANSI: 5
[   10.647844] scsi target2:0:1: Beginning Domain Validation
[   10.653710] scsi target2:0:1: Domain Validation skipping write tests
[   10.656667] scsi target2:0:1: Ending Domain Validation
[   10.662267] scsi target2:0:1: asynchronous
[   10.742591] sd 2:0:0:0: Attached scsi generic sg0 type 0
[   10.744128] sd 2:0:1:0: Attached scsi generic sg1 type 0
[   10.745870] sd 2:0:0:0: [sda] 20971520 512-byte logical blocks: (10.7 GB/10.0 GiB)
[   10.748389] sd 2:0:1:0: [sdb] 20480 512-byte logical blocks: (10.5 MB/10.0 MiB)
[   10.751772] sd 2:0:0:0: [sda] Write Protect is off
[   10.753030] sd 2:0:1:0: [sdb] Write Protect is off
[   10.754360] sd 2:0:0:0: [sda] Incomplete mode parameter data
[   10.755888] sd 2:0:0:0: [sda] Assuming drive cache: write through
[   10.757838] sd 2:0:1:0: [sdb] Incomplete mode parameter data
[   10.759653] sd 2:0:1:0: [sdb] Assuming drive cache: write through
[   10.763104]  sda: sda1
[   10.764536] sd 2:0:1:0: [sdb] Attached SCSI disk
[   10.766870] sd 2:0:0:0: [sda] Attached SCSI disk
[   11.045453] e1000 0000:00:08.0 eth1: (PCI:33MHz:32-bit) 08:00:27:68:b9:2d
[   11.123000] e1000 0000:00:08.0 eth1: Intel(R) PRO/1000 Network Connection
[   11.607848] e1000 0000:00:09.0 eth2: (PCI:33MHz:32-bit) 08:00:27:18:53:f4
[   11.609950] e1000 0000:00:09.0 eth2: Intel(R) PRO/1000 Network Connection
[   11.612871] e1000 0000:00:09.0 enp0s9: renamed from eth2
[   11.626605] e1000 0000:00:03.0 enp0s3: renamed from eth0
[   11.642372] e1000 0000:00:08.0 enp0s8: renamed from eth1
Begin: Loading essential drivers[   12.951103] md: linear personality registered for level -1
 ... [   13.058184] md: multipath personality registered for level -4
[   13.118327] md: raid0 personality registered for level 0
[   13.129402] md: raid1 personality registered for level 1
[   13.222328] raid6: sse2x1   gen() 12256 MB/s
[   13.294015] raid6: sse2x1   xor()  9100 MB/s
[   13.386273] raid6: sse2x2   gen() 14931 MB/s
[   13.477999] raid6: sse2x2   xor() 10276 MB/s
[   13.570223] raid6: sse2x4   gen() 17146 MB/s
[   13.638159] raid6: sse2x4   xor() 12009 MB/s
[   13.710269] raid6: avx2x1   gen() 24301 MB/s
[   13.790183] raid6: avx2x2   gen() 27507 MB/s
[   13.862206] raid6: avx2x4   gen() 30453 MB/s
[   13.874936] raid6: using algorithm avx2x4 gen() 30453 MB/s
[   13.897864] raid6: using avx2x2 recovery algorithm
[   13.922867] xor: automatically using best checksumming function:
[   13.990053]    avx       : 38804.000 MB/sec
[   13.995037] async_tx: api initialized (async)
[   14.022269] md: raid6 personality registered for level 6
[   14.026258] md: raid5 personality registered for level 5
[   14.028808] md: raid4 personality registered for level 4
[   14.045770] md: raid10 personality registered for level 10
done.
Begin: Running /scripts/init-premount ... done.
Begin: Mounting root file system ... Begin: Running /scripts/local-top ... done.
Begin: Running /scripts/local-premount ... [   14.098652] Btrfs loaded
Scanning for Btrfs filesystems
done.
Warning: fsck not present, so skipping root file system
[   14.136853] EXT4-fs (sda1): mounted filesystem with ordered data mode. Opts: (null)
done.
Begin: Running /scripts/local-bottom ... done.
Begin: Running /scripts/init-bottom ... done.
[   14.256808] systemd[1]: systemd 229 running in system mode. (+PAM +AUDIT +SELINUX +IMA +APPARMOR +SMACK +SYSVINIT +UTMP +LIBCRYPTSETUP +GCRYPT +GNUTLS +ACL +XZ -LZ4 +SECCOMP +BLKID +ELFUTILS +KMOD -IDN)
[   14.282387] systemd[1]: Detected virtualization oracle.
[   14.286852] systemd[1]: Detected architecture x86-64.

Welcome to [1mUbuntu 16.04.6 LTS[0m!

[   14.296149] systemd[1]: Set hostname to <ubuntu-xenial>.
[   14.466588] systemd[1]: Listening on LVM2 poll daemon socket.
[[0;32m  OK  [0m] Listening on LVM2 poll daemon socket.
[   14.470827] systemd[1]: Listening on LVM2 metadata daemon socket.
[[0;32m  OK  [0m] Listening on LVM2 metadata daemon socket.
[   14.474686] systemd[1]: Listening on Device-mapper event daemon FIFOs.
[[0;32m  OK  [0m] Listening on Device-mapper event daemon FIFOs.
[   145246]ysmd]: Created slice User and SeioSle.
[[0;32m  OK  [0m] Created slice User and Session Slice.
[  19347systemd[1]: Reached target System Time Synchronized.

[[0;32m  OK  [0m] Reached target System Time Synchronized.
[   15.093646] systemd[1]: Reached target Swap.
[[0;32m  OK  [0m] Reached target Swap.
[   15.099056] systemd[1]: Started Forward Password Requests to Wall Directory Watch.
[[0;32m  OK  [0m] Started Forward Password Requests to Wall Directory Watch.
[   15.109271] systemd[1]: Listening on udev Control Socket.
[[0;32m  OK  [0m] Listening on udev Control Socket.
[   15.117498] systemd[1]: Reached target Encrypted Volumes.
[[0;32m  OK  [0m] Reached target Encrypted Volumes.
[   15.130575] systemd[1]: Set up automount Arbitrary Executable File Formats File System Automount Point.
[[0;32m  OK  [0m] Set up automount Arbitrary Executab...ats File System Automount Point.
[   15.145356] systemd[1]: Listening on Journal Socket.
[[0;32m  OK  [0m] Listening on Journal Socket.
[   15.151973] systemd[1]: Listening on /dev/initctl Compatibility Named Pipe.
[[0;32m  OK  [0m] Listening on /dev/initctl Compatibility Named Pipe.
[   15.160335] systemd[1]: Started Trigger resolvconf update for networkd DNS.
[[0;32m  OK  [0m] Started Trigger resolvconf update for networkd DNS.
[  12178syemd[1]: Reached target User and Group Name Lookups.
[[0;32m  OK  [0m] Reached target User and Group Name Lookups.
[   15.4528 sysemd[1]: Created slice System Slice.
[[0;32m  OK  [0m] Created slice System Slice.
[   15.638685] systemd[1]: Starting Set console keymap...
         Starting Set console keymap...
[   15.678692] systemd[1]: Mounting POSIX Message Queue File System...
         Mounting POSIX Message Queue File System...
[   15.683871] systemd[1]: Created slice system-postgresql.slice.
[[0;32m  OK  [0m] Created slice system-postgresql.slice.
[   15.691163] systemd[1]: Mounting Debug File System...
         Mounting Debug File System...
[   15.703477] systemd[1]: Mounting RPC Pipe File System...
         Mounting RPC Pipe File System...
[   15.742563] RPC: Registered named UNIX socket transport module.
[   15.749959] RPC: Registered udp transport module.
[   15.754650] systemd[1]: Mounting Huge Pages File System...
[   15.780505] RPC: Registered tcp transport module.
[   15.780506] RPC: Registered tcp NFSv4.1 backchannel transport module.
         Mounting Huge Pages File System...
[   15.835904] systemd[1]: Reached target Slices.
[[0;32m  OK  [0m] Reached target Slices.
[   15.930947] systemd[1]: Starting Create list of required static device nodes for the current kernel...
         Starting Create list of required st... nodes for the current kernel...
[   15.951353] systemd[1]: Starting Remount Root and Kernel File Systems...
[   15.955115] EXT4-fs (sda1): re-mounted. Opts: (null)
         Starting Remount Root and Kernel File Systems...
[   15.960201] systemd[1]: Starting Nameserver information manager...
         Starting Nameserver information manager...
[   15.999484] random: nonblocking pool is initialized
[   16.034664] systemd[1]: Starting Uncomplicated firewall...
         Starting Uncomplicated firewall...
[   16.102445] systemd[1]: Listening on Syslog Socket.
[[0;32m  OK  [0m] Listening on Syslog Socket.
[   16.162367] systemd[1]: Listening on Journal Socket (/dev/log).
[[0;32m  OK  [0m] Listening on Journal Socket (/dev/log).
[   16.214385] systemd[1]: Starting Monitoring of LVM2 mirrors, snapshots etc. using dmeventd or progress polling...
         Starting Monitoring of LVM2 mirrors... dmeventd or progress polling...
[   16.239384] systemd[1]: Listening on Journal Audit Socket.
[[0;32m  OK  [0m] Listening on Journal Audit Socket.
[   16.249119] systemd[1]: Starting Journal Service...
         Starting Journal Service...
[   16.257846] systemd[1]: Created slice system-serial\x2dgetty.slice.
[[0;32m  OK  [0m] Created slice system-serial\x2dgetty.slice.
[   16.278226] systemd[1]: Listening on udev Kernel Socket.
[[0;32m  OK  [0m] Listening on udev Kernel Socket.
[   16.318702] systemd[1]: Starting Load Kernel Modules...
         Starting Load Kernel Modules...[   16.328000] Loading iSCSI transport class v2.0-870.

[   16.355421] systemd[1]: Mounted RPC Pipe File System.
[   16.357061] iscsi: registered transport (tcp)
[[0;32m  OK  [0m] Mounted RPC Pipe File System.
[   16.359994] systemd[1]: Mounted POSIX Message Queue File System.
[[0;32m  OK  [0m] Mounted POSIX Message Queue File System.
[   16.378376] systemd[1]: Mounted Debug File System.
[[0;32m  OK  [0m] Mounted Debug File System.
[   16.393037] iscsi: registered transport (iser)
[   16.401626] systemd[1]: Mounted Huge Pages File System.
[[0;32m  OK  [0m] Mounted Huge Pages File System.
[   16.411713] systemd[1]: Started Journal Service.
[[0;32m  OK  [0m] Started Journal Service.
[[0;32m  OK  [0m] Started Set console keymap.
[[0;32m  OK  [0m] Started Create list of required sta...ce nodes for the current kernel.
[[0;32m  OK  [0m] Started Remount Root and Kernel File Systems.
[[0;32m  OK  [0m] Started Uncomplicated firewall.
[[0;32m  OK  [0m] Started Load Kernel Modules.
[[0;32m  OK  [0m] Started Nameserver information manager.
[[0;32m  OK  [0m] Started LVM2 metadata daemon.
         Mounting FUSE Control File System...
         Starting Apply Kernel Variables...
         Starting udev Coldplug all Devices...
         Starting Load/Save Random Seed...
         Starting Create Static Device Nodes in /dev...
         Starting Flush Journal to Persistent Storage...
[[0;32m  OK  [0m] Mounted FUSE Control File System.
[[0;32m  OK  [0m] Started Apply Kernel Variables.
[[0;32m  OK  [0m] Started Load/Save Random Seed.
[[0;32m  OK  [0m] Started Create Static Device Nodes in /dev.
         Starting udev Kernel Device Manager...
[[0;32m  OK  [0m] Started Flush Journal to Persistent Storage.
[[0;32m  OK  [0m] Started udev Coldplug all Devices.
[[0;32m  OK  [0m] Started udev Kernel Device Manager.
[[0;32m  OK  [0m] Started Dispatch Password Requests to Console Directory Watch.
[[0;32m  OK  [0m] Found device /dev/ttyS0.
[[0;32m  OK  [0m] Listening on Load/Save RF Kill Switch Status /dev/rfkill Watch.
[[0;32m  OK  [0m] Found device 82540EM Gigabit Ethern...r (PRO/1000 MT Desktop Adapter).
[[0;32m  OK  [0m] Found device 82540EM Gigabit Ethern...r (PRO/1000 MT Desktop Adapter).
[[0;32m  OK  [0m] Started Monitoring of LVM2 mirrors,...ng dmeventd or progress polling.
[[0;32m  OK  [0m] Found device 82540EM Gigabit Ethern...r (PRO/1000 MT Desktop Adapter).
[[0;32m  OK  [0m] Reached target Local File Systems (Pre).
[[0;32m  OK  [0m] Reached target Local File Systems.
         Starting Create Volatile Files and Directories...
         Starting Initial cloud-init job (pre-networking)...
         Starting Tell Plymouth To Write Out Runtime Data...
         Starting Set console font and keymap...
         Starting LSB: AppArmor initialization...
         Starting Preprocess NFS configuration...
[[0;32m  OK  [0m] Started Preprocess NFS configuration.
[[0;32m  OK  [0m] Started Create Volatile Files and Directories.
[[0;32m  OK  [0m] Started Tell Plymouth To Write Out Runtime Data.
         Starting Update UTMP about System Boot/Shutdown...
[[0;32m  OK  [0m] Reached target NFS client services.
[[0;32m  OK  [0m] Started Update UTMP about System Boot/Shutdown.
[[0;32m  OK  [0m] Started LSB: AppArmor initialization.
[[0;32m  OK  [0m] Started Set console font and keymap.
[[0;32m  OK  [0m] Created slice system-getty.slice.
[   14.728846] cloud-init[678]: Cloud-init v. 18.5-21-g8ee294d5-0ubuntu1~16.04.1 running 'init-local' at Wed, 03 Apr 2019 13:54:04 +0000. Up 14.49 seconds.
[[0;32m  OK  [0m] Started Initial cloud-init job (pre-networking).
[[0;32m  OK  [0m] Reached target Network (Pre).
[[0;32m  OK  [0m] Started ifup for enp0s8.
         Starting Raise network interfaces...
[[0;32m  OK  [0m] Started ifup for enp0s3.
[[0;32m  OK  [0m] Started ifup for enp0s9.
[[0m[0;31m*     [0m] A start job is running for Raise network interfaces (9s / 5min 4s)[K[[0;1;31m*[0m[0;31m*    [0m] A start job is running for Raise network interfaces (9s / 5min 4s)[K[[0;31m*[0;1;31m*[0m[0;31m*   [0m] A start job is running for Raise network interfaces (10s / 5min 4s)[K[ [0;31m*[0;1;31m*[0m[0;31m*  [0m] A start job is running for Raise network interfaces (11s / 5min 4s)[K[  [0;31m*[0;1;31m*[0m[0;31m* [0m] A start job is running for Raise network interfaces (11s / 5min 4s)[K[   [0;31m*[0;1;31m*[0m[0;31m*[0m] A start job is running for Raise network interfaces (12s / 5min 4s)[K[    [0;31m*[0;1;31m*[0m] A start job is running for Raise network interfaces (12s / 5min 4s)[K[     [0;31m*[0m] A start job is running for Raise network interfaces (13s / 5min 4s)[K[[0;32m  OK  [0m] Started Raise network interfaces.
         Starting Initial cloud-init job (metadata service crawler)...
[[0;32m  OK  [0m] Reached target Network.
[   25.034290] cloud-init[1284]: Cloud-init v. 18.5-21-g8ee294d5-0ubuntu1~16.04.1 running 'init' at Wed, 03 Apr 2019 13:54:14 +0000. Up 24.67 seconds.
[   25.040016] cloud-init[1284]: ci-info: ++++++++++++++++++++++++++++++++++++++Net device info+++++++++++++++++++++++++++++++++++++++
[   25.044881] cloud-init[1284]: ci-info: +--------+------+-----------------------------+---------------+--------+-------------------+
[   25.077041] cloud-init[1284]: ci-info: | Device |  Up  |           Address           |      Mask     | Scope  |     Hw-Address    |
[   25.096784] [cloud-init[0;32m  OK  [0m] Started Initial cloud-init job (metadata service crawler).
[1284]: ci-info: +--------+------+-----------------------------+---------------+--------+-------------------+
[[0;32m  OK  [0m] Reached target Network is Online.
[   25.114189] cloud-init[1284]: ci-info: | enp0s3 | True |          10.0.2.15          | 255.255.255.0 | global | 02:fd:84:93:1d:93 |
         [   25.136349] cloud-init[1284]: ci-info: | enp0s3 | True |  fe80::fd:84ff:fe93:1d93/64 |       .       |  link  | 02:fd:84:93:1d:93 |
[   25.137415] cloud-init[1284]: ci-info: | enp0s8 | True |         10.11.12.13         | 255.255.255.0 | global | 08:00:27:68:b9:2d |
[   25.137704] cloud-init[1284]: ci-info: | enp0s8 | True | fe80::a00:27ff:fe68:b92d/64 |       .       |  link  | 08:00:27:68:b9:2d |
[   25.138031] cloud-init[1284]: ci-info: | enp0s9 | True |         192.168.1.65        | 255.255.255.0 | global | 08:00:27:18:53:f4 |
[   25.138694] cloud-init[1284]: ci-info: | enp0s9 | True | fe80::a00:27ff:fe18:53f4/64 |       .       |  link  | 08:00:27:18:53:f4 |
[   25.138997] cloud-init[1284]: ci-info: |   lo   | True |          127.0.0.1          |   255.0.0.0   |  host  |         .         |
[   25.139301] cloud-init[1284]: ci-info: |   lo   | True |           ::1/128           |       .       |  host  |         .         |
[   25.139634] cloud-init[1284]: ci-info: +--------+------+-----------------------------+---------------+--------+-------------------+
[   25.139972] cloud-init[1284]: ci-info: +++++++++++++++++++++++++++++Route IPv4 info+++++++++++++++++++++++++++++
[   25.140623] cloud-init[1284]: ci-info: +-------+-------------+-------------+---------------+-----------+-------+
[   25.140930] cloud-init[1284]: ci-info: | Route | Destination |   Gateway   |    Genmask    | Interface | Flags |
[   25.141230] cloud-init[1284]: ci-info: +-------+-------------+-------------+---------------+-----------+-------+
[   25.141611] cloud-init[1284]: ci-info: |   0   |   0.0.0.0   | 192.168.1.1 |    0.0.0.0    |   enp0s9  |   UG  |
Starting iSCSI initiator daemon (iscsid)...
[   25.141987] cloud-init[1284]: ci-info: |   1   |   10.0.2.0  |   0.0.0.0   | 255.255.255.0 |   enp0s3  |   U   |
[   25.214255] cloud-init[1284]: ci-info: |   2   |  10.11.12.0 |   0.0.0.0   | 255.255.255.0 |   enp0s8  |   U   |
[[0;32m  OK  [0m] Reached target System Initialization.
[   25.214650] cloud-init[1284]: ci-info: |   3   | 192.168.1.0 |   0.0.0.0   | 255.255.255.0 |   enp0s9  |   U   |
[   25.244777] cloud-init[1284]: ci-info: +-------+-------------+-------------+---------------+-----------+-------+
[   25.245400] cloud-init[1284]: ci-info: +++++++++++++++++++Route IPv6 info+++++++++++++++++++
[   25.245748] cloud-init[1284]: ci-info: +-------+-------------+---------+-----------+-------+
[   25.246098] cloud-init[1284]: ci-info: | Route | Destination | Gateway | Interface | Flags |
[[0;32m  OK  [0m] Started Daily apt download activities.
[[   25.246522] cloud-init[1284]: ci-info: +-------+-------------+---------+-----------+-------+
[   25.266194] cloud-init[1284]: ci-info: |   0   |  fe80::/64  |    ::   |   enp0s8  |   U   |
[   25.266497] cloud-init[1284]: ci-info: |   1   |  fe80::/64  |    ::   |   enp0s3  |   U   |
[   25.266833] cloud-init[1284]: ci-info: |   2   |  fe80::/64  |    ::   |   enp0s9  |   U   |
[   25.267175] cloud-init[1284]: ci-info: |   8   |   ff00::/8  |    ::   |   enp0s8  |   U   |
[   25.267536] cloud-init[1284]: ci-info: |   9   |   ff00::/8  |    ::   |   enp0s3  |   U   |
[   25.267902] cloud-init[1284]: ci-info: |   10  |   ff00::/8  |    ::   |   enp0s9  |   U   |
[   25.268652] cloud-init[1284]: ci-info: +-------+-------------+---------+-----------+-------+
[0;32m  OK  [0m] Started Daily apt upgrade and clean activities.
[[0;32m  OK  [0m] Listening on ACPID Listen Socket.
[[0;32m  OK  [0m] Started ACPI Events Check.
[[0;32m  OK  [0m] Reached target Paths.
         Starting LXD - unix socket.
[[0;32m  OK  [0m] Listening on UUID daemon activation socket.
[[0;32m  OK  [0m] Started Daily Cleanup of Temporary Directories.
[[0;32m  OK  [0m] Listening on RPCbind Server Activation Socket.
         Starting Socket activation for snappy daemon.
[[0;32m  OK  [0m] Reached target Timers.
[[0;32m  OK  [0m] Listening on D-Bus System Message Bus Socket.
[[0;32m  OK  [0m] Reached target Cloud-config availability.
[[0;32m  OK  [0m] Listening on LXD - unix socket.
[[0;32m  OK  [0m] Listening on Socket activation for snappy daemon.
[[0;32m  OK  [0m] Started iSCSI initiator daemon (iscsid).
         Starting Login to default iSCSI targets...
[[0;32m  OK  [0m] Reached target Sockets.
[[0;32m  OK  [0m] Reached target Basic System.
[[0;32m  OK  [0m] Started ACPI event daemon.
         Starting LSB: MD monitoring daemon...
         Starting LSB: Record successful boot for GRUB...
         Starting LXD - container startup/shutdown...
         Starting Login Service...
[[0;32m  OK  [0m] Started Unattended Upgrades Shutdown.
         Starting OpenBSD Secure Shell server...
         Starting System Logging Service...
         Starting vboxadd.service...
         Starting /etc/rc.local Compatibility...
[[0;32m  OK  [0m] Started D-Bus System Message Bus.
         Starting PostgreSQL Cluster 11-main...
[[0;32m  OK  [0m] Started Regular background program processing daemon.
         Starting Advanced key-value store...
[[0;32m  OK  [0m] Started FUSE filesystem for LXC.
         Starting Snappy daemon...
         Starting Accounts Service...
[[0;32m  OK  [0m] Started Deferred execution scheduler.
[[0;32m  OK  [0m] Started System Logging Service.
[[0;32m  OK  [0m] Started LXD - container startup/shutdown.
[[0;32m  OK  [0m] Started /etc/rc.local Compatibility.
[[0;32m  OK  [0m] Started OpenBSD Secure Shell server.
[[0;32m  OK  [0m] Started LSB: Record successful boot for GRUB.
[[0;32m  OK  [0m] Started LSB: MD monitoring daemon.
[[0;32m  OK  [0m] Started Advanced key-value store.
[[0;32m  OK  [0m] Started Login to default iSCSI targets.
[[0;32m  OK  [0m] Started Snappy daemon.
[[0;32m  OK  [0m] Started Login Service.
         Starting Authenticate and Authorize Users to Run Privileged Tasks...
         Starting Wait until snapd is fully seeded...
[[0;32m  OK  [0m] Reached target Remote File Systems (Pre).
[[0;32m  OK  [0m] Reached target Remote File Systems.
         Starting Permit User Sessions...
         Starting LSB: Set the CPU Frequency Scaling governor to "ondemand"...
         Starting LSB: Start/stop sysstat's sadc...
         Starting LSB: automatic crash report generation...
         Starting LSB: daemon to balance interrupts for SMP systems...
[[0;32m  OK  [0m] Started Wait until snapd is fully seeded.
[[0;32m  OK  [0m] Started Permit User Sessions.
[[0;32m  OK  [0m] Started Authenticate and Authorize Users to Run Privileged Tasks.
[[0;32m  OK  [0m] Started Accounts Service.
[[0;32m  OK  [0m] Started LSB: Start/stop sysstat's sadc.
[[0;32m  OK  [0m] Started LSB: Set the CPU Frequency Scaling governor to "ondemand".
[[0;32m  OK  [0m] Started LSB: daemon to balance interrupts for SMP systems.
[[0;32m  OK  [0m] Created slice User Slice of vagrant.
         Starting User Manager for UID 1000...
[[0;32m  OK  [0m] Started Session 1 of user vagrant.
         Starting Hold until boot process finishes up...
         Starting Terminate Plymouth Boot Screen...
         Starting Apply the settings specified in cloud-config...
[[0;32m  OK  [0m] Started User Manager for UID 1000.
[[0;32m  OK  [0m] Started LSB: automatic crash report generation.
[[0;32m  OK  [0m] Started Hold until boot process finishes up.
[[0;32m  OK  [0m] Started Terminate Plymouth Boot Screen.
         Starting Set console scheme...
[[0;32m  OK  [0m] Started Getty on tty1.
[[0;32m  OK  [0m] Started Serial Getty on ttyS0.
[[0;32m  OK  [0m] Reached target Login Prompts.
[[0;32m  OK  [0m] Started Set console scheme.
[   26.919989] cloud-init[1663]: Cloud-init v. 18.5-21-g8ee294d5-0ubuntu1~16.04.1 running 'modules:config' at Wed, 03 Apr 2019 13:54:16 +0000. Up 26.79 seconds.
[[0;32m  OK  [0m] Started Apply the settings specified in cloud-config.
[[0;32m  OK  [0m] Started PostgreSQL Cluster 11-main.
         Starting PostgreSQL RDBMS...
[[0;32m  OK  [0m] Started PostgreSQL RDBMS.

Ubuntu 16.04.6 LTS ubuntu-xenial ttyS0

ubuntu-xenial login: [   34.117892] cloud-init[3958]: Cloud-init v. 18.5-21-g8ee294d5-0ubuntu1~16.04.1 running 'modules:final' at Wed, 03 Apr 2019 13:54:23 +0000. Up 33.96 seconds.
[   34.118244] cloud-init[3958]: Cloud-init v. 18.5-21-g8ee294d5-0ubuntu1~16.04.1 finished at Wed, 03 Apr 2019 13:54:23 +0000. Datasource DataSourceNoCloud [seed=/dev/sdb][dsmode=net].  Up 34.08 seconds
[[0;32m  OK  [0m] Started ACPI event daemon.
[[0;32m  OK  [0m] Started ACPI event daemon.
[[0;32m  OK  [0m] Started ACPI event daemon.
         Stopping Authenticate and Authorize Users to Run Privileged Tasks...
[[0;32m  OK  [0m] Stopped Authenticate and Authorize Users to Run Privileged Tasks.
         Starting Authenticate and Authorize Users to Run Privileged Tasks...
[[0;32m  OK  [0m] Started Authenticate and Authorize Users to Run Privileged Tasks.
[[0;32m  OK  [0m] Started Daily apt upgrade and clean activities.
